CodeSnippets/Chapter10/PA4AD_Ch10_Notifications/build/outputs/logs/manifest-merger-debug-report.txt
-- Merging decision tree log ---
manifest
ADDED from Chapter10\PA4AD_Ch10_Notifications\AndroidManifest.xml:2:1-25:12
	xmlns:android
		ADDED from Chapter10\PA4AD_Ch10_Notifications\AndroidManifest.xml:2:11-69
	package
		ADDED from Chapter10\PA4AD_Ch10_Notifications\AndroidManifest.xml:3:5-37
	android:versionName
		ADDED from Chapter10\PA4AD_Ch10_Notifications\AndroidManifest.xml:5:5-30
		INJECTED from Chapter10\PA4AD_Ch10_Notifications\AndroidManifest.xml
		INJECTED from Chapter10\PA4AD_Ch10_Notifications\AndroidManifest.xml
	android:versionCode
		ADDED from Chapter10\PA4AD_Ch10_Notifications\AndroidManifest.xml:4:5-28
		INJECTED from Chapter10\PA4AD_Ch10_Notifications\AndroidManifest.xml
		INJECTED from Chapter10\PA4AD_Ch10_Notifications\AndroidManifest.xml
uses-sdk
ADDED from Chapter10\PA4AD_Ch10_Notifications\AndroidManifest.xml:7:5-43
	android:minSdkVersion
		ADDED from Chapter10\PA4AD_Ch10_Notifications\AndroidManifest.xml:7:15-40
uses-permission#android.permission.VIBRATE
ADDED from Chapter10\PA4AD_Ch10_Notifications\AndroidManifest.xml:9:5-66
	android:name
		ADDED from Chapter10\PA4AD_Ch10_Notifications\AndroidManifest.xml:9:22-63
application
ADDED from Chapter10\PA4AD_Ch10_Notifications\AndroidManifest.xml:11:5-23:19
	android:label
		ADDED from Chapter10\PA4AD_Ch10_Notifications\AndroidManifest.xml:13:9-41
	android:icon
		ADDED from Chapter10\PA4AD_Ch10_Notifications\AndroidManifest.xml:12:9-45
activity#com.paad.notifications.MyActivity
ADDED from Chapter10\PA4AD_Ch10_Notifications\AndroidManifest.xml:14:9-22:20
	android:label
		ADDED from Chapter10\PA4AD_Ch10_Notifications\AndroidManifest.xml:16:13-45
	android:name
		ADDED from Chapter10\PA4AD_Ch10_Notifications\AndroidManifest.xml:15:13-39
intent-filter#android.intent.action.MAIN+android.intent.category.LAUNCHER
ADDED from Chapter10\PA4AD_Ch10_Notifications\AndroidManifest.xml:17:13-21:29
action#android.intent.action.MAIN
ADDED from Chapter10\PA4AD_Ch10_Notifications\AndroidManifest.xml:18:17-69
	android:name
		ADDED from Chapter10\PA4AD_Ch10_Notifications\AndroidManifest.xml:18:25-66
category#android.intent.category.LAUNCHER
ADDED from Chapter10\PA4AD_Ch10_Notifications\AndroidManifest.xml:20:17-77
	android:name
		ADDED from Chapter10\PA4AD_Ch10_Notifications\AndroidManifest.xml:20:27-74